# JRE version: Java(TM) SE Runtime Environment (8.0_131-b11) (build 1.8.0_131-b11)
# Java VM: Java HotSpot(TM) 64-Bit Server VM (25.131-b11 mixed mode windows-amd64 compressed oops)
Heap:
 PSYoungGen      total 219136K, used 80596K [0x00000000d5c00000, 0x00000000e8600000, 0x0000000100000000)
  eden space 205824K, 39% used [0x00000000d5c00000,0x00000000daab52a8,0x00000000e2500000)
  from space 13312K, 0% used [0x00000000e2500000,0x00000000e2500000,0x00000000e3200000)
  to   space 14848K, 0% used [0x00000000e7780000,0x00000000e7780000,0x00000000e8600000)
 ParOldGen       total 99328K, used 24149K [0x0000000081400000, 0x0000000087500000, 0x00000000d5c00000)
  object space 99328K, 24% used [0x0000000081400000,0x0000000082b956e0,0x0000000087500000)
 Metaspace       used 41458K, capacity 41928K, committed 42280K, reserved 1085440K
  class space    used 5424K, capacity 5559K, committed 5672K, reserved 1048576K
GC Heap History (10 events):
Event: 2.560 GC heap before
{Heap before GC invocations=7 (full 1):
 PSYoungGen      total 143872K, used 8178K [0x00000000d5c00000, 0x00000000df300000, 0x0000000100000000)
  eden space 133120K, 0% used [0x00000000d5c00000,0x00000000d5c00000,0x00000000dde00000)
  from space 10752K, 76% used [0x00000000de880000,0x00000000df07cb50,0x00000000df300000)
  to   space 10752K, 0% used [0x00000000dde00000,0x00000000dde00000,0x00000000de880000)
 ParOldGen       total 87552K, used 11827K [0x0000000081400000, 0x0000000086980000, 0x00000000d5c00000)
  object space 87552K, 13% used [0x0000000081400000,0x0000000081f8cdb8,0x0000000086980000)
 Metaspace       used 20801K, capacity 21254K, committed 21296K, reserved 1067008K
  class space    used 2695K, capacity 2824K, committed 2864K, reserved 1048576K
Event: 2.612 GC heap after
Heap after GC invocations=7 (full 1):
 PSYoungGen      total 143872K, used 0K [0x00000000d5c00000, 0x00000000df300000, 0x0000000100000000)
  eden space 133120K, 0% used [0x00000000d5c00000,0x00000000d5c00000,0x00000000dde00000)
  from space 10752K, 0% used [0x00000000de880000,0x00000000de880000,0x00000000df300000)
  to   space 10752K, 0% used [0x00000000dde00000,0x00000000dde00000,0x00000000de880000)
 ParOldGen       total 64512K, used 12733K [0x0000000081400000, 0x0000000085300000, 0x00000000d5c00000)
  object space 64512K, 19% used [0x0000000081400000,0x000000008206f6f8,0x0000000085300000)
 Metaspace       used 20801K, capacity 21254K, committed 21296K, reserved 1067008K
  class space    used 2695K, capacity 2824K, committed 2864K, reserved 1048576K
}
Event: 3.567 GC heap before
{Heap before GC invocations=8 (full 1):
 PSYoungGen      total 143872K, used 133120K [0x00000000d5c00000, 0x00000000df300000, 0x0000000100000000)
  eden space 133120K, 100% used [0x00000000d5c00000,0x00000000dde00000,0x00000000dde00000)
  from space 10752K, 0% used [0x00000000de880000,0x00000000de880000,0x00000000df300000)
  to   space 10752K, 0% used [0x00000000dde00000,0x00000000dde00000,0x00000000de880000)
 ParOldGen       total 64512K, used 12733K [0x0000000081400000, 0x0000000085300000, 0x00000000d5c00000)
  object space 64512K, 19% used [0x0000000081400000,0x000000008206f6f8,0x0000000085300000)
 Metaspace       used 25838K, capacity 26294K, committed 26544K, reserved 1073152K
  class space    used 3358K, capacity 3482K, committed 3504K, reserved 1048576K
Event: 3.583 GC heap after
Heap after GC invocations=8 (full 1):
 PSYoungGen      total 143872K, used 9123K [0x00000000d5c00000, 0x00000000e3e80000, 0x0000000100000000)
  eden space 133120K, 0% used [0x00000000d5c00000,0x00000000d5c00000,0x00000000dde00000)
  from space 10752K, 84% used [0x00000000dde00000,0x00000000de6e8da8,0x00000000de880000)
  to   space 11264K, 0% used [0x00000000e3380000,0x00000000e3380000,0x00000000e3e80000)
 ParOldGen       total 64512K, used 12741K [0x0000000081400000, 0x0000000085300000, 0x00000000d5c00000)
  object space 64512K, 19% used [0x0000000081400000,0x00000000820716f8,0x0000000085300000)
 Metaspace       used 25838K, capacity 26294K, committed 26544K, reserved 1073152K
  class space    used 3358K, capacity 3482K, committed 3504K, reserved 1048576K
}
Event: 4.530 GC heap before
{Heap before GC invocations=9 (full 1):
 PSYoungGen      total 143872K, used 142243K [0x00000000d5c00000, 0x00000000e3e80000, 0x0000000100000000)
  eden space 133120K, 100% used [0x00000000d5c00000,0x00000000dde00000,0x00000000dde00000)
  from space 10752K, 84% used [0x00000000dde00000,0x00000000de6e8da8,0x00000000de880000)
  to   space 11264K, 0% used [0x00000000e3380000,0x00000000e3380000,0x00000000e3e80000)
 ParOldGen       total 64512K, used 12741K [0x0000000081400000, 0x0000000085300000, 0x00000000d5c00000)
  object space 64512K, 19% used [0x0000000081400000,0x00000000820716f8,0x0000000085300000)
 Metaspace       used 30979K, capacity 31444K, committed 31792K, reserved 1077248K
  class space    used 3996K, capacity 4127K, committed 4144K, reserved 1048576K
Event: 4.544 GC heap after
Heap after GC invocations=9 (full 1):
 PSYoungGen      total 217088K, used 11263K [0x00000000d5c00000, 0x00000000e3f00000, 0x0000000100000000)
  eden space 205824K, 0% used [0x00000000d5c00000,0x00000000d5c00000,0x00000000e2500000)
  from space 11264K, 99% used [0x00000000e3380000,0x00000000e3e7feb8,0x00000000e3e80000)
  to   space 13312K, 0% used [0x00000000e2500000,0x00000000e2500000,0x00000000e3200000)
 ParOldGen       total 64512K, used 14521K [0x0000000081400000, 0x0000000085300000, 0x00000000d5c00000)
  object space 64512K, 22% used [0x0000000081400000,0x000000008222e530,0x0000000085300000)
 Metaspace       used 30979K, capacity 31444K, committed 31792K, reserved 1077248K
  class space    used 3996K, capacity 4127K, committed 4144K, reserved 1048576K
}
Event: 4.978 GC heap before
{Heap before GC invocations=10 (full 1):
 PSYoungGen      total 217088K, used 46440K [0x00000000d5c00000, 0x00000000e3f00000, 0x0000000100000000)
  eden space 205824K, 17% used [0x00000000d5c00000,0x00000000d7e5a488,0x00000000e2500000)
  from space 11264K, 99% used [0x00000000e3380000,0x00000000e3e7feb8,0x00000000e3e80000)
  to   space 13312K, 0% used [0x00000000e2500000,0x00000000e2500000,0x00000000e3200000)
 ParOldGen       total 64512K, used 14521K [0x0000000081400000, 0x0000000085300000, 0x00000000d5c00000)
  object space 64512K, 22% used [0x0000000081400000,0x000000008222e530,0x0000000085300000)
 Metaspace       used 34804K, capacity 35212K, committed 35496K, reserved 1079296K
  class space    used 4553K, capacity 4675K, committed 4776K, reserved 1048576K
Event: 4.992 GC heap after
Heap after GC invocations=10 (full 1):
 PSYoungGen      total 219136K, used 13302K [0x00000000d5c00000, 0x00000000e8600000, 0x0000000100000000)
  eden space 205824K, 0% used [0x00000000d5c00000,0x00000000d5c00000,0x00000000e2500000)
  from space 13312K, 99% used [0x00000000e2500000,0x00000000e31fd898,0x00000000e3200000)
  to   space 14848K, 0% used [0x00000000e7780000,0x00000000e7780000,0x00000000e8600000)
 ParOldGen       total 64512K, used 14954K [0x0000000081400000, 0x0000000085300000, 0x00000000d5c00000)
  object space 64512K, 23% used [0x0000000081400000,0x000000008229a900,0x0000000085300000)
 Metaspace       used 34804K, capacity 35212K, committed 35496K, reserved 1079296K
  class space    used 4553K, capacity 4675K, committed 4776K, reserved 1048576K
}
Event: 4.992 GC heap before
{Heap before GC invocations=11 (full 2):
 PSYoungGen      total 219136K, used 13302K [0x00000000d5c00000, 0x00000000e8600000, 0x0000000100000000)
  eden space 205824K, 0% used [0x00000000d5c00000,0x00000000d5c00000,0x00000000e2500000)
  from space 13312K, 99% used [0x00000000e2500000,0x00000000e31fd898,0x00000000e3200000)
  to   space 14848K, 0% used [0x00000000e7780000,0x00000000e7780000,0x00000000e8600000)
 ParOldGen       total 64512K, used 14954K [0x0000000081400000, 0x0000000085300000, 0x00000000d5c00000)
  object space 64512K, 23% used [0x0000000081400000,0x000000008229a900,0x0000000085300000)
 Metaspace       used 34804K, capacity 35212K, committed 35496K, reserved 1079296K
  class space    used 4553K, capacity 4675K, committed 4776K, reserved 1048576K
Event: 5.067 GC heap after
Heap after GC invocations=11 (full 2):
 PSYoungGen      total 219136K, used 0K [0x00000000d5c00000, 0x00000000e8600000, 0x0000000100000000)
  eden space 205824K, 0% used [0x00000000d5c00000,0x00000000d5c00000,0x00000000e2500000)
  from space 13312K, 0% used [0x00000000e2500000,0x00000000e2500000,0x00000000e3200000)
  to   space 14848K, 0% used [0x00000000e7780000,0x00000000e7780000,0x00000000e8600000)
 ParOldGen       total 99328K, used 24149K [0x0000000081400000, 0x0000000087500000, 0x00000000d5c00000)
  object space 99328K, 24% used [0x0000000081400000,0x0000000082b956e0,0x0000000087500000)
 Metaspace       used 34804K, capacity 35212K, committed 35496K, reserved 1079296K
  class space    used 4553K, capacity 4675K, committed 4776K, reserved 1048576K
}

