# JRE version: Java(TM) SE Runtime Environment (8.0_131-b11) (build 1.8.0_131-b11)
# Java VM: Java HotSpot(TM) 64-Bit Server VM (25.131-b11 mixed mode windows-amd64 compressed oops)
Heap:
 PSYoungGen      total 221184K, used 6475K [0x00000000d5c00000, 0x00000000e6e00000, 0x0000000100000000)
  eden space 217600K, 2% used [0x00000000d5c00000,0x00000000d6252e08,0x00000000e3080000)
  from space 3584K, 0% used [0x00000000e6a80000,0x00000000e6a80000,0x00000000e6e00000)
  to   space 25088K, 0% used [0x00000000e3d00000,0x00000000e3d00000,0x00000000e5580000)
 ParOldGen       total 84480K, used 30001K [0x0000000081400000, 0x0000000086680000, 0x00000000d5c00000)
  object space 84480K, 35% used [0x0000000081400000,0x000000008314c418,0x0000000086680000)
 Metaspace       used 25825K, capacity 26462K, committed 27904K, reserved 1073152K
  class space    used 2948K, capacity 3145K, committed 3328K, reserved 1048576K
GC Heap History (10 events):
Event: 4.738 GC heap before
{Heap before GC invocations=6 (full 1):
 PSYoungGen      total 138240K, used 5104K [0x00000000d5c00000, 0x00000000e7b00000, 0x0000000100000000)
  eden space 133120K, 0% used [0x00000000d5c00000,0x00000000d5c00000,0x00000000dde00000)
  from space 5120K, 99% used [0x00000000dde00000,0x00000000de2fc010,0x00000000de300000)
  to   space 13824K, 0% used [0x00000000e6d80000,0x00000000e6d80000,0x00000000e7b00000)
 ParOldGen       total 87552K, used 19094K [0x0000000081400000, 0x0000000086980000, 0x00000000d5c00000)
  object space 87552K, 21% used [0x0000000081400000,0x00000000826a59e0,0x0000000086980000)
 Metaspace       used 20625K, capacity 21130K, committed 21296K, reserved 1069056K
  class space    used 2470K, capacity 2627K, committed 2688K, reserved 1048576K
Event: 4.958 GC heap after
Heap after GC invocations=6 (full 1):
 PSYoungGen      total 138240K, used 0K [0x00000000d5c00000, 0x00000000e7b00000, 0x0000000100000000)
  eden space 133120K, 0% used [0x00000000d5c00000,0x00000000d5c00000,0x00000000dde00000)
  from space 5120K, 0% used [0x00000000dde00000,0x00000000dde00000,0x00000000de300000)
  to   space 13824K, 0% used [0x00000000e6d80000,0x00000000e6d80000,0x00000000e7b00000)
 ParOldGen       total 84480K, used 19847K [0x0000000081400000, 0x0000000086680000, 0x00000000d5c00000)
  object space 84480K, 23% used [0x0000000081400000,0x0000000082761f90,0x0000000086680000)
 Metaspace       used 20625K, capacity 21130K, committed 21296K, reserved 1069056K
  class space    used 2470K, capacity 2627K, committed 2688K, reserved 1048576K
}
Event: 6.633 GC heap before
{Heap before GC invocations=7 (full 1):
 PSYoungGen      total 138240K, used 133120K [0x00000000d5c00000, 0x00000000e7b00000, 0x0000000100000000)
  eden space 133120K, 100% used [0x00000000d5c00000,0x00000000dde00000,0x00000000dde00000)
  from space 5120K, 0% used [0x00000000dde00000,0x00000000dde00000,0x00000000de300000)
  to   space 13824K, 0% used [0x00000000e6d80000,0x00000000e6d80000,0x00000000e7b00000)
 ParOldGen       total 84480K, used 19847K [0x0000000081400000, 0x0000000086680000, 0x00000000d5c00000)
  object space 84480K, 23% used [0x0000000081400000,0x0000000082761f90,0x0000000086680000)
 Metaspace       used 23765K, capacity 24436K, committed 24448K, reserved 1071104K
  class space    used 2769K, capacity 2944K, committed 2944K, reserved 1048576K
Event: 6.653 GC heap after
Heap after GC invocations=7 (full 1):
 PSYoungGen      total 185344K, used 13799K [0x00000000d5c00000, 0x00000000e7b00000, 0x0000000100000000)
  eden space 171520K, 0% used [0x00000000d5c00000,0x00000000d5c00000,0x00000000e0380000)
  from space 13824K, 99% used [0x00000000e6d80000,0x00000000e7af9de8,0x00000000e7b00000)
  to   space 16896K, 0% used [0x00000000e5a00000,0x00000000e5a00000,0x00000000e6a80000)
 ParOldGen       total 84480K, used 22054K [0x0000000081400000, 0x0000000086680000, 0x00000000d5c00000)
  object space 84480K, 26% used [0x0000000081400000,0x0000000082989828,0x0000000086680000)
 Metaspace       used 23765K, capacity 24436K, committed 24448K, reserved 1071104K
  class space    used 2769K, capacity 2944K, committed 2944K, reserved 1048576K
}
Event: 9.237 GC heap before
{Heap before GC invocations=8 (full 1):
 PSYoungGen      total 185344K, used 185319K [0x00000000d5c00000, 0x00000000e7b00000, 0x0000000100000000)
  eden space 171520K, 100% used [0x00000000d5c00000,0x00000000e0380000,0x00000000e0380000)
  from space 13824K, 99% used [0x00000000e6d80000,0x00000000e7af9de8,0x00000000e7b00000)
  to   space 16896K, 0% used [0x00000000e5a00000,0x00000000e5a00000,0x00000000e6a80000)
 ParOldGen       total 84480K, used 22054K [0x0000000081400000, 0x0000000086680000, 0x00000000d5c00000)
  object space 84480K, 26% used [0x0000000081400000,0x0000000082989828,0x0000000086680000)
 Metaspace       used 25382K, capacity 25982K, committed 26112K, reserved 1073152K
  class space    used 2911K, capacity 3047K, committed 3072K, reserved 1048576K
Event: 9.267 GC heap after
Heap after GC invocations=8 (full 1):
 PSYoungGen      total 234496K, used 16885K [0x00000000d5c00000, 0x00000000e6e00000, 0x0000000100000000)
  eden space 217600K, 0% used [0x00000000d5c00000,0x00000000d5c00000,0x00000000e3080000)
  from space 16896K, 99% used [0x00000000e5a00000,0x00000000e6a7d6e8,0x00000000e6a80000)
  to   space 3584K, 0% used [0x00000000e6a80000,0x00000000e6a80000,0x00000000e6e00000)
 ParOldGen       total 84480K, used 26956K [0x0000000081400000, 0x0000000086680000, 0x00000000d5c00000)
  object space 84480K, 31% used [0x0000000081400000,0x0000000082e531c0,0x0000000086680000)
 Metaspace       used 25382K, capacity 25982K, committed 26112K, reserved 1073152K
  class space    used 2911K, capacity 3047K, committed 3072K, reserved 1048576K
}
Event: 20.448 GC heap before
{Heap before GC invocations=9 (full 1):
 PSYoungGen      total 234496K, used 90228K [0x00000000d5c00000, 0x00000000e6e00000, 0x0000000100000000)
  eden space 217600K, 33% used [0x00000000d5c00000,0x00000000da39fb88,0x00000000e3080000)
  from space 16896K, 99% used [0x00000000e5a00000,0x00000000e6a7d6e8,0x00000000e6a80000)
  to   space 3584K, 0% used [0x00000000e6a80000,0x00000000e6a80000,0x00000000e6e00000)
 ParOldGen       total 84480K, used 26956K [0x0000000081400000, 0x0000000086680000, 0x00000000d5c00000)
  object space 84480K, 31% used [0x0000000081400000,0x0000000082e531c0,0x0000000086680000)
 Metaspace       used 27054K, capacity 27764K, committed 27904K, reserved 1073152K
  class space    used 3103K, capacity 3320K, committed 3328K, reserved 1048576K
Event: 20.480 GC heap after
Heap after GC invocations=9 (full 1):
 PSYoungGen      total 221184K, used 3575K [0x00000000d5c00000, 0x00000000e6e00000, 0x0000000100000000)
  eden space 217600K, 0% used [0x00000000d5c00000,0x00000000d5c00000,0x00000000e3080000)
  from space 3584K, 99% used [0x00000000e6a80000,0x00000000e6dfde18,0x00000000e6e00000)
  to   space 25088K, 0% used [0x00000000e3d00000,0x00000000e3d00000,0x00000000e5580000)
 ParOldGen       total 84480K, used 45251K [0x0000000081400000, 0x0000000086680000, 0x00000000d5c00000)
  object space 84480K, 53% used [0x0000000081400000,0x0000000084030ca0,0x0000000086680000)
 Metaspace       used 27054K, capacity 27764K, committed 27904K, reserved 1073152K
  class space    used 3103K, capacity 3320K, committed 3328K, reserved 1048576K
}
Event: 20.480 GC heap before
{Heap before GC invocations=10 (full 2):
 PSYoungGen      total 221184K, used 3575K [0x00000000d5c00000, 0x00000000e6e00000, 0x0000000100000000)
  eden space 217600K, 0% used [0x00000000d5c00000,0x00000000d5c00000,0x00000000e3080000)
  from space 3584K, 99% used [0x00000000e6a80000,0x00000000e6dfde18,0x00000000e6e00000)
  to   space 25088K, 0% used [0x00000000e3d00000,0x00000000e3d00000,0x00000000e5580000)
 ParOldGen       total 84480K, used 45251K [0x0000000081400000, 0x0000000086680000, 0x00000000d5c00000)
  object space 84480K, 53% used [0x0000000081400000,0x0000000084030ca0,0x0000000086680000)
 Metaspace       used 27054K, capacity 27764K, committed 27904K, reserved 1073152K
  class space    used 3103K, capacity 3320K, committed 3328K, reserved 1048576K
Event: 20.638 GC heap after
Heap after GC invocations=10 (full 2):
 PSYoungGen      total 221184K, used 0K [0x00000000d5c00000, 0x00000000e6e00000, 0x0000000100000000)
  eden space 217600K, 0% used [0x00000000d5c00000,0x00000000d5c00000,0x00000000e3080000)
  from space 3584K, 0% used [0x00000000e6a80000,0x00000000e6a80000,0x00000000e6e00000)
  to   space 25088K, 0% used [0x00000000e3d00000,0x00000000e3d00000,0x00000000e5580000)
 ParOldGen       total 84480K, used 30001K [0x0000000081400000, 0x0000000086680000, 0x00000000d5c00000)
  object space 84480K, 35% used [0x0000000081400000,0x000000008314c418,0x0000000086680000)
 Metaspace       used 25818K, capacity 26462K, committed 27904K, reserved 1073152K
  class space    used 2947K, capacity 3145K, committed 3328K, reserved 1048576K
}

